{"C:\\Users\\sdf78\\Desktop\\front\\jest-example\\index.js": {"path":"C:\\Users\\sdf78\\Desktop\\front\\jest-example\\index.js","statementMap":{"0":{"start":{"line":1,"column":12},"end":{"line":3,"column":1}},"1":{"start":{"line":2,"column":4},"end":{"line":2,"column":15}},"2":{"start":{"line":5,"column":17},"end":{"line":10,"column":1}},"3":{"start":{"line":6,"column":4},"end":{"line":9,"column":6}},"4":{"start":{"line":12,"column":18},"end":{"line":19,"column":1}},"5":{"start":{"line":13,"column":17},"end":{"line":13,"column":19}},"6":{"start":{"line":14,"column":4},"end":{"line":16,"column":5}},"7":{"start":{"line":14,"column":16},"end":{"line":14,"column":21}},"8":{"start":{"line":15,"column":8},"end":{"line":15,"column":23}},"9":{"start":{"line":18,"column":4},"end":{"line":18,"column":18}},"10":{"start":{"line":21,"column":0},"end":{"line":25,"column":2}}},"fnMap":{"0":{"name":"(anonymous_0)","decl":{"start":{"line":1,"column":12},"end":{"line":1,"column":13}},"loc":{"start":{"line":1,"column":22},"end":{"line":3,"column":1}},"line":1},"1":{"name":"(anonymous_1)","decl":{"start":{"line":5,"column":17},"end":{"line":5,"column":18}},"loc":{"start":{"line":5,"column":31},"end":{"line":10,"column":1}},"line":5},"2":{"name":"(anonymous_2)","decl":{"start":{"line":12,"column":18},"end":{"line":12,"column":19}},"loc":{"start":{"line":12,"column":33},"end":{"line":19,"column":1}},"line":12}},"branchMap":{},"s":{"0":1,"1":2,"2":1,"3":1,"4":1,"5":1,"6":1,"7":1,"8":4,"9":1,"10":1},"f":{"0":2,"1":1,"2":1},"b":{},"_coverageSchema":"1a1c01bbd47fc00a2c39e90264f33305004495a9","hash":"2673ecc8fae8b1872199115bf53fd2da6dd7838a"}
}
